2025-07-07 07:21:44.450 [info] Extension host with pid 880 started
2025-07-07 07:21:44.451 [info] Lock '/home/coder/.local/share/code-server/User/workspaceStorage/1c2cc80e/vscode.lock': Lock acquired.
2025-07-07 07:21:44.512 [info] ExtensionService#_doActivateExtension vscode.git-base, startup: true, activationEvent: '*'
2025-07-07 07:21:44.555 [info] ExtensionService#_doActivateExtension vscode.github, startup: true, activationEvent: '*'
2025-07-07 07:21:44.583 [info] Eager extensions activated
2025-07-07 07:21:44.583 [info] ExtensionService#_doActivateExtension vscode.debug-auto-launch, startup: false, activationEvent: 'onStartupFinished'
2025-07-07 07:21:44.583 [info] ExtensionService#_doActivateExtension vscode.merge-conflict, startup: false, activationEvent: 'onStartupFinished'
2025-07-07 07:21:46.987 [info] ExtensionService#_doActivateExtension vscode.git, startup: false, activationEvent: 'api', root cause: vscode.github
2025-07-07 07:22:31.942 [error] Error: read ECONNRESET
	at TCP.onStreamRead (node:internal/stream_base_commons:216:20)
2025-07-07 07:22:50.023 [info] ExtensionService#_doActivateExtension vscode.emmet, startup: false, activationEvent: 'onLanguage'
2025-07-07 07:29:27.444 [error] Error: read ECONNRESET
	at TCP.onStreamRead (node:internal/stream_base_commons:216:20)
2025-07-07 07:33:00.075 [info] ExtensionService#_doActivateExtension vscode.configuration-editing, startup: false, activationEvent: 'onLanguage:json'
2025-07-07 07:33:00.075 [info] ExtensionService#_doActivateExtension vscode.extension-editing, startup: false, activationEvent: 'onLanguage:json'
2025-07-07 07:33:00.075 [info] ExtensionService#_doActivateExtension vscode.json-language-features, startup: false, activationEvent: 'onLanguage:json'
2025-07-07 07:33:00.075 [info] ExtensionService#_doActivateExtension vscode.npm, startup: false, activationEvent: 'onLanguage:json'
2025-07-07 07:37:35.145 [error] Error: read ECONNRESET
	at TCP.onStreamRead (node:internal/stream_base_commons:216:20)
2025-07-07 08:37:43.975 [info] ExtensionService#_doActivateExtension vscode.grunt, startup: false, activationEvent: 'onTaskType:grunt'
2025-07-07 08:37:43.975 [info] ExtensionService#_doActivateExtension vscode.gulp, startup: false, activationEvent: 'onTaskType:gulp'
2025-07-07 08:37:43.975 [info] ExtensionService#_doActivateExtension vscode.jake, startup: false, activationEvent: 'onTaskType:jake'
2025-07-07 08:37:43.975 [info] ExtensionService#_doActivateExtension vscode.typescript-language-features, startup: false, activationEvent: 'onTaskType:typescript'
2025-07-07 08:42:19.979 [error] Error: read ECONNRESET
	at TCP.onStreamRead (node:internal/stream_base_commons:216:20)
2025-07-07 08:47:54.146 [info] Extension host terminating: renderer disconnected for too long (2)
2025-07-07 08:47:54.146 [info] Lock '/home/coder/.local/share/code-server/User/workspaceStorage/1c2cc80e/vscode.lock': Marking the lockfile as scheduled to be released in 6000 ms.
2025-07-07 08:47:54.164 [info] Extension host with pid 880 exiting with code 0
