2025-07-07 07:21:47.078 [info] [main] Log level: Info
2025-07-07 07:21:47.078 [info] [main] Validating found git in: "git"
2025-07-07 07:21:47.078 [info] [main] Using git "2.39.5" from "git"
2025-07-07 07:21:47.078 [info] [Model][doInitialScan] Initial repository scan started
2025-07-07 07:21:47.078 [info] > git rev-parse --show-toplevel [0ms]
2025-07-07 07:21:47.078 [info] fatal: not a git repository (or any of the parent directories): .git
2025-07-07 07:21:47.078 [info] > git rev-parse --show-toplevel [1ms]
2025-07-07 07:21:47.078 [info] fatal: not a git repository (or any of the parent directories): .git
2025-07-07 07:21:47.078 [info] > git rev-parse --show-toplevel [0ms]
2025-07-07 07:21:47.078 [info] fatal: not a git repository (or any of the parent directories): .git
2025-07-07 07:21:47.078 [info] > git rev-parse --show-toplevel [3ms]
2025-07-07 07:21:47.078 [info] fatal: not a git repository (or any of the parent directories): .git
2025-07-07 07:21:47.078 [info] > git rev-parse --show-toplevel [0ms]
2025-07-07 07:21:47.078 [info] fatal: not a git repository (or any parent up to mount point /home/coder)
Stopping at filesystem boundary (GIT_DISCOVERY_ACROSS_FILESYSTEM not set).
2025-07-07 07:21:47.078 [info] > git rev-parse --show-toplevel [1ms]
2025-07-07 07:21:47.078 [info] fatal: not a git repository (or any parent up to mount point /home/coder)
Stopping at filesystem boundary (GIT_DISCOVERY_ACROSS_FILESYSTEM not set).
2025-07-07 07:21:47.078 [info] [Model][doInitialScan] Initial repository scan completed - repositories (0), closed repositories (0), parent repositories (0), unsafe repositories (0)
2025-07-07 07:21:47.078 [info] > git rev-parse --show-toplevel [1ms]
2025-07-07 07:21:47.078 [info] fatal: not a git repository (or any of the parent directories): .git
2025-07-07 07:33:00.127 [info] > git rev-parse --show-toplevel [2ms]
2025-07-07 07:33:00.127 [info] fatal: not a git repository (or any of the parent directories): .git
2025-07-07 07:34:36.701 [info] > git rev-parse --show-toplevel [1ms]
2025-07-07 07:34:36.701 [info] fatal: not a git repository (or any of the parent directories): .git
2025-07-07 08:40:25.083 [info] > git rev-parse --show-toplevel [0ms]
2025-07-07 08:40:25.083 [info] fatal: not a git repository (or any of the parent directories): .git
2025-07-07 08:40:26.361 [info] > git rev-parse --show-toplevel [1ms]
2025-07-07 08:40:26.361 [info] fatal: not a git repository (or any of the parent directories): .git
2025-07-07 08:40:31.638 [info] > git rev-parse --show-toplevel [1ms]
2025-07-07 08:40:31.638 [info] fatal: not a git repository (or any of the parent directories): .git
