2025-07-07 08:42:55.015 [info] Extension host with pid 18379 started
2025-07-07 08:42:55.015 [error] Error: EEXIST: file already exists, open '/home/coder/.local/share/code-server/User/workspaceStorage/1c2cc80e/vscode.lock'
2025-07-07 08:42:55.015 [info] Lock '/home/coder/.local/share/code-server/User/workspaceStorage/1c2cc80e/vscode.lock': Could not acquire lock, checking if the file is stale.
2025-07-07 08:42:55.015 [info] Lock '/home/coder/.local/share/code-server/User/workspaceStorage/1c2cc80e/vscode.lock': The lock does not look stale, elapsed: 103 ms, giving up.
2025-07-07 08:42:55.016 [info] Lock '/home/coder/.local/share/code-server/User/workspaceStorage/1c2cc80e-1/vscode.lock': Lock acquired.
2025-07-07 08:42:55.053 [info] ExtensionService#_doActivateExtension vscode.git-base, startup: true, activationEvent: '*'
2025-07-07 08:42:55.095 [info] ExtensionService#_doActivateExtension vscode.github, startup: true, activationEvent: '*'
2025-07-07 08:42:55.142 [info] Eager extensions activated
2025-07-07 08:42:55.142 [info] ExtensionService#_doActivateExtension vscode.debug-auto-launch, startup: false, activationEvent: 'onStartupFinished'
2025-07-07 08:42:55.142 [info] ExtensionService#_doActivateExtension vscode.merge-conflict, startup: false, activationEvent: 'onStartupFinished'
2025-07-07 08:42:58.423 [info] ExtensionService#_doActivateExtension vscode.git, startup: false, activationEvent: 'api', root cause: vscode.github
2025-07-07 08:43:37.272 [info] ExtensionService#_doActivateExtension vscode.typescript-language-features, startup: false, activationEvent: 'onLanguage:javascript'
2025-07-07 08:43:37.272 [info] ExtensionService#_doActivateExtension vscode.emmet, startup: false, activationEvent: 'onLanguage'
2025-07-07 08:43:52.702 [info] ExtensionService#_doActivateExtension vscode.configuration-editing, startup: false, activationEvent: 'onLanguage:json'
2025-07-07 08:43:52.703 [info] ExtensionService#_doActivateExtension vscode.extension-editing, startup: false, activationEvent: 'onLanguage:json'
2025-07-07 08:43:52.703 [info] ExtensionService#_doActivateExtension vscode.json-language-features, startup: false, activationEvent: 'onLanguage:json'
2025-07-07 08:43:52.703 [info] ExtensionService#_doActivateExtension vscode.npm, startup: false, activationEvent: 'onLanguage:json'
2025-07-07 09:01:18.920 [info] Extension host terminating: received terminate message from renderer
2025-07-07 09:01:18.920 [info] Lock '/home/coder/.local/share/code-server/User/workspaceStorage/1c2cc80e-1/vscode.lock': Marking the lockfile as scheduled to be released in 6000 ms.
2025-07-07 09:01:18.939 [info] Extension host with pid 18379 exiting with code 0
