2025-07-07 09:08:23.700 [info] Reading sessions from keychain...
2025-07-07 09:08:23.700 [info] Getting sessions for all scopes...
2025-07-07 09:08:23.700 [info] Getting sessions for all scopes...
2025-07-07 09:08:23.700 [info] Getting sessions for all scopes...
2025-07-07 09:08:23.700 [info] Got 0 sessions for ...
2025-07-07 09:08:23.700 [info] Got 0 sessions for ...
2025-07-07 09:08:23.700 [info] Got 0 sessions for ...
2025-07-07 09:08:23.706 [info] Getting sessions for read:user,repo,user:email,workflow...
2025-07-07 09:08:23.706 [info] Got 0 sessions for read:user,repo,user:email,workflow...
2025-07-07 09:08:25.695 [info] Logging in with 'any' account...
2025-07-07 09:08:25.695 [info] Logging in for the following scopes: read:user repo user:email workflow
2025-07-07 09:08:25.736 [info] Trying device code flow... (read:user repo user:email workflow)
2025-07-07 09:10:37.335 [error] Timed out
2025-07-07 09:10:40.863 [info] Trying to retrieve PAT... (read:user repo user:email workflow)
2025-07-07 09:11:39.331 [info] Getting token scopes...
2025-07-07 09:11:39.579 [info] Getting user info...
2025-07-07 09:11:39.848 [info] Got account info!
2025-07-07 09:11:39.848 [info] Storing 1 sessions...
2025-07-07 09:11:39.857 [info] Reading sessions from keychain...
2025-07-07 09:11:39.857 [info] Stored 1 sessions!
2025-07-07 09:11:39.858 [info] Login success!
2025-07-07 09:11:39.868 [info] Got stored sessions!
2025-07-07 09:11:39.892 [info] Got 1 verified sessions.
2025-07-07 09:16:26.428 [info] Getting sessions for read:user,repo,user:email,workflow...
2025-07-07 09:16:26.428 [info] Got 1 sessions for read:user,repo,user:email,workflow...
